                                 Started job on |	Mar 18 20:30:58
                             Started mapping on |	Mar 18 20:31:22
                                    Finished on |	Mar 18 20:38:26
       Mapping speed, Million of reads per hour |	512.83

                          Number of input reads |	60399756
                      Average input read length |	118
                                    UNIQUE READS:
                   Uniquely mapped reads number |	48518404
                        Uniquely mapped reads % |	80.33%
                          Average mapped length |	118.72
                       Number of splices: Total |	21085007
            Number of splices: Annotated (sjdb) |	20982322
                       Number of splices: GT/AG |	20875277
                       Number of splices: GC/AG |	174907
                       Number of splices: AT/AC |	16514
               Number of splices: Non-canonical |	18309
                      Mismatch rate per base, % |	0.16%
                         Deletion rate per base |	0.01%
                        Deletion average length |	2.67
                        Insertion rate per base |	0.01%
                       Insertion average length |	1.26
                             MULTI-MAPPING READS:
        Number of reads mapped to multiple loci |	9542656
             % of reads mapped to multiple loci |	15.80%
        Number of reads mapped to too many loci |	120228
             % of reads mapped to too many loci |	0.20%
                                  UNMAPPED READS:
  Number of reads unmapped: too many mismatches |	0
       % of reads unmapped: too many mismatches |	0.00%
            Number of reads unmapped: too short |	2093726
                 % of reads unmapped: too short |	3.47%
                Number of reads unmapped: other |	124742
                     % of reads unmapped: other |	0.21%
                                  CHIMERIC READS:
                       Number of chimeric reads |	0
                            % of chimeric reads |	0.00%
