                                 Started job on |	Mar 18 20:46:58
                             Started mapping on |	Mar 18 20:47:24
                                    Finished on |	Mar 18 20:54:56
       Mapping speed, Million of reads per hour |	510.43

                          Number of input reads |	64087687
                      Average input read length |	118
                                    UNIQUE READS:
                   Uniquely mapped reads number |	52970023
                        Uniquely mapped reads % |	82.65%
                          Average mapped length |	118.75
                       Number of splices: Total |	23346963
            Number of splices: Annotated (sjdb) |	23235925
                       Number of splices: GT/AG |	23109039
                       Number of splices: GC/AG |	199436
                       Number of splices: AT/AC |	19968
               Number of splices: Non-canonical |	18520
                      Mismatch rate per base, % |	0.15%
                         Deletion rate per base |	0.00%
                        Deletion average length |	1.91
                        Insertion rate per base |	0.01%
                       Insertion average length |	1.23
                             MULTI-MAPPING READS:
        Number of reads mapped to multiple loci |	9140280
             % of reads mapped to multiple loci |	14.26%
        Number of reads mapped to too many loci |	138568
             % of reads mapped to too many loci |	0.22%
                                  UNMAPPED READS:
  Number of reads unmapped: too many mismatches |	0
       % of reads unmapped: too many mismatches |	0.00%
            Number of reads unmapped: too short |	1701430
                 % of reads unmapped: too short |	2.65%
                Number of reads unmapped: other |	137386
                     % of reads unmapped: other |	0.21%
                                  CHIMERIC READS:
                       Number of chimeric reads |	0
                            % of chimeric reads |	0.00%
