                                 Started job on |	Mar 18 21:01:00
                             Started mapping on |	Mar 18 21:01:27
                                    Finished on |	Mar 18 21:08:23
       Mapping speed, Million of reads per hour |	525.30

                          Number of input reads |	60701590
                      Average input read length |	118
                                    UNIQUE READS:
                   Uniquely mapped reads number |	49340072
                        Uniquely mapped reads % |	81.28%
                          Average mapped length |	118.76
                       Number of splices: Total |	20287127
            Number of splices: Annotated (sjdb) |	20184231
                       Number of splices: GT/AG |	20083611
                       Number of splices: GC/AG |	170018
                       Number of splices: AT/AC |	16086
               Number of splices: Non-canonical |	17412
                      Mismatch rate per base, % |	0.17%
                         Deletion rate per base |	0.01%
                        Deletion average length |	2.38
                        Insertion rate per base |	0.01%
                       Insertion average length |	1.21
                             MULTI-MAPPING READS:
        Number of reads mapped to multiple loci |	9346668
             % of reads mapped to multiple loci |	15.40%
        Number of reads mapped to too many loci |	127189
             % of reads mapped to too many loci |	0.21%
                                  UNMAPPED READS:
  Number of reads unmapped: too many mismatches |	0
       % of reads unmapped: too many mismatches |	0.00%
            Number of reads unmapped: too short |	1766798
                 % of reads unmapped: too short |	2.91%
                Number of reads unmapped: other |	120863
                     % of reads unmapped: other |	0.20%
                                  CHIMERIC READS:
                       Number of chimeric reads |	0
                            % of chimeric reads |	0.00%
