                                 Started job on |	Mar 18 21:08:26
                             Started mapping on |	Mar 18 21:08:50
                                    Finished on |	Mar 18 21:15:26
       Mapping speed, Million of reads per hour |	533.45

                          Number of input reads |	58679376
                      Average input read length |	118
                                    UNIQUE READS:
                   Uniquely mapped reads number |	50162952
                        Uniquely mapped reads % |	85.49%
                          Average mapped length |	118.73
                       Number of splices: Total |	20402048
            Number of splices: Annotated (sjdb) |	20297967
                       Number of splices: GT/AG |	20197853
                       Number of splices: GC/AG |	169038
                       Number of splices: AT/AC |	17711
               Number of splices: Non-canonical |	17446
                      Mismatch rate per base, % |	0.17%
                         Deletion rate per base |	0.00%
                        Deletion average length |	1.95
                        Insertion rate per base |	0.01%
                       Insertion average length |	1.23
                             MULTI-MAPPING READS:
        Number of reads mapped to multiple loci |	6398022
             % of reads mapped to multiple loci |	10.90%
        Number of reads mapped to too many loci |	165812
             % of reads mapped to too many loci |	0.28%
                                  UNMAPPED READS:
  Number of reads unmapped: too many mismatches |	0
       % of reads unmapped: too many mismatches |	0.00%
            Number of reads unmapped: too short |	1821271
                 % of reads unmapped: too short |	3.10%
                Number of reads unmapped: other |	131319
                     % of reads unmapped: other |	0.22%
                                  CHIMERIC READS:
                       Number of chimeric reads |	0
                            % of chimeric reads |	0.00%
