                                 Started job on |	Mar 18 20:54:59
                             Started mapping on |	Mar 18 20:55:22
                                    Finished on |	Mar 18 21:00:58
       Mapping speed, Million of reads per hour |	518.20

                          Number of input reads |	48365073
                      Average input read length |	118
                                    UNIQUE READS:
                   Uniquely mapped reads number |	40958488
                        Uniquely mapped reads % |	84.69%
                          Average mapped length |	118.73
                       Number of splices: Total |	16866360
            Number of splices: Annotated (sjdb) |	16782309
                       Number of splices: GT/AG |	16701774
                       Number of splices: GC/AG |	134885
                       Number of splices: AT/AC |	14386
               Number of splices: Non-canonical |	15315
                      Mismatch rate per base, % |	0.15%
                         Deletion rate per base |	0.01%
                        Deletion average length |	2.11
                        Insertion rate per base |	0.01%
                       Insertion average length |	1.25
                             MULTI-MAPPING READS:
        Number of reads mapped to multiple loci |	6143538
             % of reads mapped to multiple loci |	12.70%
        Number of reads mapped to too many loci |	122414
             % of reads mapped to too many loci |	0.25%
                                  UNMAPPED READS:
  Number of reads unmapped: too many mismatches |	0
       % of reads unmapped: too many mismatches |	0.00%
            Number of reads unmapped: too short |	1022598
                 % of reads unmapped: too short |	2.11%
                Number of reads unmapped: other |	118035
                     % of reads unmapped: other |	0.24%
                                  CHIMERIC READS:
                       Number of chimeric reads |	0
                            % of chimeric reads |	0.00%
