                                 Started job on |	Mar 18 19:21:52
                             Started mapping on |	Mar 18 19:22:17
                                    Finished on |	Mar 18 19:28:14
       Mapping speed, Million of reads per hour |	527.01

                          Number of input reads |	52261719
                      Average input read length |	118
                                    UNIQUE READS:
                   Uniquely mapped reads number |	44863870
                        Uniquely mapped reads % |	85.84%
                          Average mapped length |	118.72
                       Number of splices: Total |	17871202
            Number of splices: Annotated (sjdb) |	17767674
                       Number of splices: GT/AG |	17688169
                       Number of splices: GC/AG |	152547
                       Number of splices: AT/AC |	14641
               Number of splices: Non-canonical |	15845
                      Mismatch rate per base, % |	0.15%
                         Deletion rate per base |	0.00%
                        Deletion average length |	2.15
                        Insertion rate per base |	0.01%
                       Insertion average length |	1.23
                             MULTI-MAPPING READS:
        Number of reads mapped to multiple loci |	5416770
             % of reads mapped to multiple loci |	10.36%
        Number of reads mapped to too many loci |	127341
             % of reads mapped to too many loci |	0.24%
                                  UNMAPPED READS:
  Number of reads unmapped: too many mismatches |	0
       % of reads unmapped: too many mismatches |	0.00%
            Number of reads unmapped: too short |	1766983
                 % of reads unmapped: too short |	3.38%
                Number of reads unmapped: other |	86755
                     % of reads unmapped: other |	0.17%
                                  CHIMERIC READS:
                       Number of chimeric reads |	0
                            % of chimeric reads |	0.00%
