                                 Started job on |	Mar 18 19:50:46
                             Started mapping on |	Mar 18 19:51:12
                                    Finished on |	Mar 18 19:57:57
       Mapping speed, Million of reads per hour |	524.68

                          Number of input reads |	59026683
                      Average input read length |	118
                                    UNIQUE READS:
                   Uniquely mapped reads number |	47366852
                        Uniquely mapped reads % |	80.25%
                          Average mapped length |	118.76
                       Number of splices: Total |	21239325
            Number of splices: Annotated (sjdb) |	21129499
                       Number of splices: GT/AG |	21029271
                       Number of splices: GC/AG |	175646
                       Number of splices: AT/AC |	15515
               Number of splices: Non-canonical |	18893
                      Mismatch rate per base, % |	0.16%
                         Deletion rate per base |	0.00%
                        Deletion average length |	2.15
                        Insertion rate per base |	0.01%
                       Insertion average length |	1.20
                             MULTI-MAPPING READS:
        Number of reads mapped to multiple loci |	9431458
             % of reads mapped to multiple loci |	15.98%
        Number of reads mapped to too many loci |	116952
             % of reads mapped to too many loci |	0.20%
                                  UNMAPPED READS:
  Number of reads unmapped: too many mismatches |	0
       % of reads unmapped: too many mismatches |	0.00%
            Number of reads unmapped: too short |	2032582
                 % of reads unmapped: too short |	3.44%
                Number of reads unmapped: other |	78839
                     % of reads unmapped: other |	0.13%
                                  CHIMERIC READS:
                       Number of chimeric reads |	0
                            % of chimeric reads |	0.00%
