                                 Started job on |	Mar 18 19:28:16
                             Started mapping on |	Mar 18 19:28:40
                                    Finished on |	Mar 18 19:34:59
       Mapping speed, Million of reads per hour |	538.47

                          Number of input reads |	56688850
                      Average input read length |	118
                                    UNIQUE READS:
                   Uniquely mapped reads number |	48007520
                        Uniquely mapped reads % |	84.69%
                          Average mapped length |	118.65
                       Number of splices: Total |	19919567
            Number of splices: Annotated (sjdb) |	19814799
                       Number of splices: GT/AG |	19720152
                       Number of splices: GC/AG |	164367
                       Number of splices: AT/AC |	16324
               Number of splices: Non-canonical |	18724
                      Mismatch rate per base, % |	0.18%
                         Deletion rate per base |	0.01%
                        Deletion average length |	2.93
                        Insertion rate per base |	0.01%
                       Insertion average length |	1.30
                             MULTI-MAPPING READS:
        Number of reads mapped to multiple loci |	6252961
             % of reads mapped to multiple loci |	11.03%
        Number of reads mapped to too many loci |	141420
             % of reads mapped to too many loci |	0.25%
                                  UNMAPPED READS:
  Number of reads unmapped: too many mismatches |	0
       % of reads unmapped: too many mismatches |	0.00%
            Number of reads unmapped: too short |	2216215
                 % of reads unmapped: too short |	3.91%
                Number of reads unmapped: other |	70734
                     % of reads unmapped: other |	0.12%
                                  CHIMERIC READS:
                       Number of chimeric reads |	0
                            % of chimeric reads |	0.00%
