                                 Started job on |	Mar 18 19:35:02
                             Started mapping on |	Mar 18 19:35:29
                                    Finished on |	Mar 18 19:42:03
       Mapping speed, Million of reads per hour |	527.52

                          Number of input reads |	57734400
                      Average input read length |	118
                                    UNIQUE READS:
                   Uniquely mapped reads number |	49075667
                        Uniquely mapped reads % |	85.00%
                          Average mapped length |	118.64
                       Number of splices: Total |	20270810
            Number of splices: Annotated (sjdb) |	20162100
                       Number of splices: GT/AG |	20062759
                       Number of splices: GC/AG |	173043
                       Number of splices: AT/AC |	17170
               Number of splices: Non-canonical |	17838
                      Mismatch rate per base, % |	0.19%
                         Deletion rate per base |	0.01%
                        Deletion average length |	3.04
                        Insertion rate per base |	0.01%
                       Insertion average length |	1.30
                             MULTI-MAPPING READS:
        Number of reads mapped to multiple loci |	5995150
             % of reads mapped to multiple loci |	10.38%
        Number of reads mapped to too many loci |	136079
             % of reads mapped to too many loci |	0.24%
                                  UNMAPPED READS:
  Number of reads unmapped: too many mismatches |	0
       % of reads unmapped: too many mismatches |	0.00%
            Number of reads unmapped: too short |	2462605
                 % of reads unmapped: too short |	4.27%
                Number of reads unmapped: other |	64899
                     % of reads unmapped: other |	0.11%
                                  CHIMERIC READS:
                       Number of chimeric reads |	0
                            % of chimeric reads |	0.00%
